<?xml version="1.0" encoding="UTF-8"?>
<!-- Generated by org.testng.reporters.JUnitXMLReporter -->
<testsuite ignored="0" hostname="IN3024793W2" failures="1" tests="4" name="LMS Test" time="25.224" errors="0" timestamp="2023-01-11T19:27:44 IST">
  <testcase classname="StepDefinitions.HolidayList" name="user_is_on_the_ey_lms_page" time="22.739"/>
  <testcase classname="StepDefinitions.HolidayList" name="user_navigates_to_the_holiday_list_page" time="2.109"/>
  <testcase classname="StepDefinitions.HolidayList" name="validate_the_public_holiday_count_is_equal_to_or_greater_than" time="0.0">
    <failure type="org.testng.TestNGException" message="
Parameter &amp;apos;9&amp;apos; is required by @Test on method validate_the_public_holiday_count_is_equal_to_or_greater_than but has not been marked @Optional or defined
in C:\Users\QN271GF\JavaWorkspaceFinal-master\GuidewireScenario3\testng.xml">
      <![CDATA[org.testng.TestNGException: 
Parameter '9' is required by @Test on method validate_the_public_holiday_count_is_equal_to_or_greater_than but has not been marked @Optional or defined
in C:\Users\QN271GF\JavaWorkspaceFinal-master\GuidewireScenario3\testng.xml
at java.base/java.util.ArrayList.forEach(ArrayList.java:1511)
... Removed 26 stack frames]]>
    </failure>
  </testcase> <!-- validate_the_public_holiday_count_is_equal_to_or_greater_than -->
  <testcase classname="StepDefinitions.HolidayList" name="user_is_able_to_split_the_holiday_details_as_per_holiday_type_and_print_it_as_a_report" time="0.231"/>
</testsuite> <!-- LMS Test -->
