<?xml version="1.0" encoding="UTF-8"?>
<!-- Generated by org.testng.reporters.JUnitXMLReporter -->
<testsuite ignored="0" hostname="IN3024793W2" failures="0" tests="4" name="LMS Test" time="39.369" errors="0" timestamp="2023-01-11T23:55:54 IST">
  <testcase classname="StepDefinitions.HolidayList" name="user_is_on_the_ey_lms_page" time="21.159"/>
  <testcase classname="StepDefinitions.HolidayList" name="user_navigates_to_the_holiday_list_page" time="1.689"/>
  <testcase classname="StepDefinitions.HolidayList" name="validate_the_public_holiday_count_is_equal_to_or_greater_than" time="16.01"/>
  <testcase classname="StepDefinitions.HolidayList" name="user_is_able_to_split_the_holiday_details_as_per_holiday_type_and_print_it_as_a_report" time="0.436"/>
</testsuite> <!-- LMS Test -->
