<?xml version="1.0" encoding="UTF-8"?>
<testng-results ignored="0" total="4" passed="3" failed="1" skipped="0">
  <reporter-output>
  </reporter-output>
  <suite started-at="2023-01-11T19:27:19 IST" name="Suite" finished-at="2023-01-11T19:27:44 IST" duration-ms="25224">
    <groups>
    </groups>
    <test started-at="2023-01-11T19:27:19 IST" name="LMS Test" finished-at="2023-01-11T19:27:44 IST" duration-ms="25224">
      <class name="StepDefinitions.HolidayList">
        <test-method signature="user_is_on_the_ey_lms_page()[pri:1, instance:StepDefinitions.HolidayList@17f460bb]" started-at="2023-01-11T19:27:19 IST" name="user_is_on_the_ey_lms_page" finished-at="2023-01-11T19:27:42 IST" duration-ms="22739" status="PASS">
          <reporter-output>
          </reporter-output>
        </test-method> <!-- user_is_on_the_ey_lms_page -->
        <test-method signature="user_navigates_to_the_holiday_list_page()[pri:2, instance:StepDefinitions.HolidayList@17f460bb]" started-at="2023-01-11T19:27:42 IST" name="user_navigates_to_the_holiday_list_page" finished-at="2023-01-11T19:27:44 IST" duration-ms="2109" status="PASS">
          <reporter-output>
          </reporter-output>
        </test-method> <!-- user_navigates_to_the_holiday_list_page -->
        <test-method signature="validate_the_public_holiday_count_is_equal_to_or_greater_than(int)[pri:3, instance:StepDefinitions.HolidayList@17f460bb]" started-at="2023-01-11T19:27:44 IST" name="validate_the_public_holiday_count_is_equal_to_or_greater_than" finished-at="2023-01-11T19:27:44 IST" duration-ms="0" status="FAIL">
          <exception class="org.testng.TestNGException">
            <message>
              <![CDATA[
Parameter '9' is required by @Test on method validate_the_public_holiday_count_is_equal_to_or_greater_than but has not been marked @Optional or defined
in C:\Users\QN271GF\JavaWorkspaceFinal-master\GuidewireScenario3\testng.xml]]>
            </message>
            <full-stacktrace>
              <![CDATA[org.testng.TestNGException: 
Parameter '9' is required by @Test on method validate_the_public_holiday_count_is_equal_to_or_greater_than but has not been marked @Optional or defined
in C:\Users\QN271GF\JavaWorkspaceFinal-master\GuidewireScenario3\testng.xml
at org.testng.internal.Parameters.createParams(Parameters.java:267)
at org.testng.internal.Parameters.createParametersForMethod(Parameters.java:355)
at org.testng.internal.Parameters.createParameters(Parameters.java:684)
at org.testng.internal.Parameters.handleParameters(Parameters.java:888)
at org.testng.internal.Parameters.handleParameters(Parameters.java:728)
at org.testng.internal.invokers.ParameterHandler.handleParameters(ParameterHandler.java:72)
at org.testng.internal.invokers.ParameterHandler.createParameters(ParameterHandler.java:51)
at org.testng.internal.invokers.TestInvoker$MethodInvocationAgent.invoke(TestInvoker.java:917)
at org.testng.internal.invokers.TestInvoker.invokeTestMethods(TestInvoker.java:194)
at org.testng.internal.invokers.TestMethodWorker.invokeTestMethods(TestMethodWorker.java:148)
at org.testng.internal.invokers.TestMethodWorker.run(TestMethodWorker.java:128)
at java.base/java.util.ArrayList.forEach(ArrayList.java:1511)
at org.testng.TestRunner.privateRun(TestRunner.java:806)
at org.testng.TestRunner.run(TestRunner.java:601)
at org.testng.SuiteRunner.runTest(SuiteRunner.java:433)
at org.testng.SuiteRunner.runSequentially(SuiteRunner.java:427)
at org.testng.SuiteRunner.privateRun(SuiteRunner.java:387)
at org.testng.SuiteRunner.run(SuiteRunner.java:330)
at org.testng.SuiteRunnerWorker.runSuite(SuiteRunnerWorker.java:52)
at org.testng.SuiteRunnerWorker.run(SuiteRunnerWorker.java:95)
at org.testng.TestNG.runSuitesSequentially(TestNG.java:1256)
at org.testng.TestNG.runSuitesLocally(TestNG.java:1176)
at org.testng.TestNG.runSuites(TestNG.java:1099)
at org.testng.TestNG.run(TestNG.java:1067)
at org.testng.remote.AbstractRemoteTestNG.run(AbstractRemoteTestNG.java:115)
at org.testng.remote.RemoteTestNG.initAndRun(RemoteTestNG.java:251)
at org.testng.remote.RemoteTestNG.main(RemoteTestNG.java:77)
]]>
            </full-stacktrace>
          </exception> <!-- org.testng.TestNGException -->
          <reporter-output>
          </reporter-output>
        </test-method> <!-- validate_the_public_holiday_count_is_equal_to_or_greater_than -->
        <test-method signature="user_is_able_to_split_the_holiday_details_as_per_holiday_type_and_print_it_as_a_report()[pri:4, instance:StepDefinitions.HolidayList@17f460bb]" started-at="2023-01-11T19:27:44 IST" name="user_is_able_to_split_the_holiday_details_as_per_holiday_type_and_print_it_as_a_report" finished-at="2023-01-11T19:27:44 IST" duration-ms="231" status="PASS">
          <reporter-output>
          </reporter-output>
        </test-method> <!-- user_is_able_to_split_the_holiday_details_as_per_holiday_type_and_print_it_as_a_report -->
      </class> <!-- StepDefinitions.HolidayList -->
    </test> <!-- LMS Test -->
  </suite> <!-- Suite -->
</testng-results>
